<?xml version="1.0" encoding="UTF-8"?>
<!-- Generated by org.testng.reporters.JUnitXMLReporter -->
<testsuite ignored="6" hostname="CBPC-09" failures="0" tests="1" name="Default test" time="0.249" errors="0" timestamp="2024-04-22T20:45:11 IST">
  <testcase classname="com.evs.vtiger.testScript.BaseClass" name="@BeforeClass beforeClass" time="-1.713798911172E9">
    <failure type="org.testng.TestNGException" message="
Parameter &amp;apos;browser&amp;apos; is required by BeforeClass on method beforeClass but has not been marked @Optional or defined
in C:\Users\CBPC-09\AppData\Local\Temp\testng-eclipse--1167710879\testng-customsuite.xml">
      <![CDATA[org.testng.TestNGException: 
Parameter 'browser' is required by BeforeClass on method beforeClass but has not been marked @Optional or defined
in C:\Users\CBPC-09\AppData\Local\Temp\testng-eclipse--1167710879\testng-customsuite.xml
at org.testng.internal.Parameters.createParams(Parameters.java:270)
at org.testng.internal.Parameters.createParametersForMethod(Parameters.java:358)
at org.testng.internal.Parameters.createParameters(Parameters.java:700)
at org.testng.internal.Parameters.createConfigurationParameters(Parameters.java:168)
at org.testng.internal.ConfigInvoker.invokeConfigurations(ConfigInvoker.java:302)
at org.testng.internal.TestMethodWorker.invokeBeforeClassMethods(TestMethodWorker.java:176)
at org.testng.internal.TestMethodWorker.run(TestMethodWorker.java:122)
at java.base/java.util.ArrayList.forEach(ArrayList.java:1596)
at org.testng.TestRunner.privateRun(TestRunner.java:794)
at org.testng.TestRunner.run(TestRunner.java:596)
at org.testng.SuiteRunner.runTest(SuiteRunner.java:377)
at org.testng.SuiteRunner.runSequentially(SuiteRunner.java:371)
at org.testng.SuiteRunner.privateRun(SuiteRunner.java:332)
at org.testng.SuiteRunner.run(SuiteRunner.java:276)
at org.testng.SuiteRunnerWorker.runSuite(SuiteRunnerWorker.java:53)
at org.testng.SuiteRunnerWorker.run(SuiteRunnerWorker.java:96)
at org.testng.TestNG.runSuitesSequentially(TestNG.java:1212)
at org.testng.TestNG.runSuitesLocally(TestNG.java:1134)
at org.testng.TestNG.runSuites(TestNG.java:1063)
at org.testng.TestNG.run(TestNG.java:1031)
at org.testng.remote.AbstractRemoteTestNG.run(AbstractRemoteTestNG.java:115)
at org.testng.remote.RemoteTestNG.initAndRun(RemoteTestNG.java:251)
at org.testng.remote.RemoteTestNG.main(RemoteTestNG.java:77)
]]>
    </failure>
  </testcase> <!-- @BeforeClass beforeClass -->
  <testcase classname="com.evs.vtiger.testScript.BaseClass" name="@BeforeMethod beforemethod" time="-1.713798911282E9">
    <skipped/>
  </testcase> <!-- @BeforeMethod beforemethod -->
  <testcase classname="com.evs.vtiger.testScript.BaseClass" name="@BeforeMethod beforemethod" time="-1.713798911305E9">
    <skipped/>
  </testcase> <!-- @BeforeMethod beforemethod -->
  <testcase classname="com.evs.vtiger.testScript.BaseClass" name="@AfterMethod aftermethod" time="-1.713798911358E9">
    <skipped/>
  </testcase> <!-- @AfterMethod aftermethod -->
  <testcase classname="com.evs.vtiger.testScript.BaseClass" name="@AfterClass afterclass" time="-1.713798911374E9">
    <skipped/>
  </testcase> <!-- @AfterClass afterclass -->
  <testcase classname="com.eva.AutomationPractice.AutomationPracticeProject" name="verifyproductquantiyincart" time="0.0">
    <skipped/>
  </testcase> <!-- verifyproductquantiyincart -->
  <testcase classname="com.eva.AutomationPractice.AutomationPracticeProject" name="verifyHomePageSubscription" time="0.0">
    <ignored/>
  </testcase> <!-- verifyHomePageSubscription -->
  <testcase classname="com.eva.AutomationPractice.AutomationPracticeProject" name="projectAllList" time="0.0">
    <ignored/>
  </testcase> <!-- projectAllList -->
  <testcase classname="com.eva.AutomationPractice.AutomationPracticeProject" name="tc001ContactUs" time="0.0">
    <ignored/>
  </testcase> <!-- tc001ContactUs -->
  <testcase classname="com.eva.AutomationPractice.AutomationPracticeProject" name="verifyCartsubscription" time="0.0">
    <ignored/>
  </testcase> <!-- verifyCartsubscription -->
  <testcase classname="com.eva.AutomationPractice.AutomationPracticeProject" name="verifysearchproduct" time="0.0">
    <ignored/>
  </testcase> <!-- verifysearchproduct -->
  <testcase classname="com.eva.AutomationPractice.AutomationPracticeProject" name="verifyAddproductInCart" time="0.0">
    <ignored/>
  </testcase> <!-- verifyAddproductInCart -->
</testsuite> <!-- Default test -->
