<?xml version="1.0" encoding="UTF-8"?>
<testng-results ignored="0" total="1" passed="0" failed="1" skipped="0">
  <reporter-output>
  </reporter-output>
  <suite started-at="2024-05-01T23:08:07 IST" name="Suite" finished-at="2024-05-01T23:16:48 IST" duration-ms="520388">
    <groups>
    </groups>
    <test started-at="2024-05-01T23:08:07 IST" name="Test1" finished-at="2024-05-01T23:16:48 IST" duration-ms="520388">
      <class name="com.eva.AutomationPractice.RemoveProductfromCart">
        <test-method is-config="true" signature="beforesuit()[pri:0, instance:com.eva.AutomationPractice.RemoveProductfromCart@368247b9]" started-at="2024-05-01T23:08:07 IST" name="beforesuit" finished-at="2024-05-01T23:08:07 IST" duration-ms="462" status="PASS">
          <reporter-output>
          </reporter-output>
        </test-method> <!-- beforesuit -->
        <test-method is-config="true" signature="beforeClass(java.lang.String,java.lang.String)[pri:0, instance:com.eva.AutomationPractice.RemoveProductfromCart@368247b9]" started-at="2024-05-01T23:08:07 IST" name="beforeClass" finished-at="2024-05-01T23:08:20 IST" duration-ms="12537" status="PASS">
          <params>
            <param index="0">
              <value>
                <![CDATA[chrome]]>
              </value>
            </param>
            <param index="1">
              <value>
                <![CDATA[https://automationexercise.com/]]>
              </value>
            </param>
          </params>
          <reporter-output>
          </reporter-output>
        </test-method> <!-- beforeClass -->
        <test-method is-config="true" signature="beforemethod()[pri:0, instance:com.eva.AutomationPractice.RemoveProductfromCart@368247b9]" started-at="2024-05-01T23:08:20 IST" name="beforemethod" finished-at="2024-05-01T23:08:20 IST" duration-ms="1" status="PASS">
          <reporter-output>
          </reporter-output>
        </test-method> <!-- beforemethod -->
        <test-method is-config="true" signature="beforemethod(java.lang.String,java.lang.String,java.lang.reflect.Method)[pri:0, instance:com.eva.AutomationPractice.RemoveProductfromCart@368247b9]" started-at="2024-05-01T23:08:20 IST" name="beforemethod" finished-at="2024-05-01T23:08:29 IST" duration-ms="8633" status="PASS">
          <params>
            <param index="0">
              <value>
                <![CDATA[codingkishan@yopmail.com]]>
              </value>
            </param>
            <param index="1">
              <value>
                <![CDATA[Kishan@12345]]>
              </value>
            </param>
            <param index="2">
              <value>
                <![CDATA[public void com.eva.AutomationPractice.RemoveProductfromCart.removeProductCart() throws java.lang.InterruptedException]]>
              </value>
            </param>
          </params>
          <reporter-output>
          </reporter-output>
        </test-method> <!-- beforemethod -->
        <test-method signature="removeProductCart()[pri:0, instance:com.eva.AutomationPractice.RemoveProductfromCart@368247b9]" started-at="2024-05-01T23:08:29 IST" name="removeProductCart" finished-at="2024-05-01T23:14:35 IST" duration-ms="366548" status="FAIL">
          <exception class="org.openqa.selenium.TimeoutException">
            <message>
              <![CDATA[java.util.concurrent.TimeoutException
Build info: version: '4.20.0', revision: '866c76ca80'
System info: os.name: 'Windows 10', os.arch: 'amd64', os.version: '10.0', java.version: '21.0.2'
Driver info: org.openqa.selenium.chrome.ChromeDriver
Command: [83a4c77b2efc7815a494810ce89941bd, clickElement {id=f.074437ADD83C2AC8E3FAE7074211E21B.d.BC3FE2D65504C26876DB2036C47358F3.e.9750}]
Capabilities {acceptInsecureCerts: false, browserName: chrome, browserVersion: 124.0.6367.92, chrome: {chromedriverVersion: 124.0.6367.91 (51df0e5e17a8..., userDataDir: C:\Users\CBPC-09\AppData\Lo...}, fedcm:accounts: true, goog:chromeOptions: {debuggerAddress: localhost:49594}, networkConnectionEnabled: false, pageLoadStrategy: normal, platformName: windows, proxy: Proxy(), se:cdp: ws://localhost:49594/devtoo..., se:cdpVersion: 124.0.6367.92, setWindowRect: true, strictFileInteractability: false, timeouts: {implicit: 0, pageLoad: 300000, script: 30000}, unhandledPromptBehavior: dismiss and notify, webauthn:extension:credBlob: true, webauthn:extension:largeBlob: true, webauthn:extension:minPinLength: true, webauthn:extension:prf: true, webauthn:virtualAuthenticators: true}
Element: [[ChromeDriver: chrome on windows (83a4c77b2efc7815a494810ce89941bd)] -> xpath: //a[@href='/products']]
Session ID: 83a4c77b2efc7815a494810ce89941bd]]>
            </message>
            <full-stacktrace>
              <![CDATA[org.openqa.selenium.TimeoutException: java.util.concurrent.TimeoutException
Build info: version: '4.20.0', revision: '866c76ca80'
System info: os.name: 'Windows 10', os.arch: 'amd64', os.version: '10.0', java.version: '21.0.2'
Driver info: org.openqa.selenium.chrome.ChromeDriver
Command: [83a4c77b2efc7815a494810ce89941bd, clickElement {id=f.074437ADD83C2AC8E3FAE7074211E21B.d.BC3FE2D65504C26876DB2036C47358F3.e.9750}]
Capabilities {acceptInsecureCerts: false, browserName: chrome, browserVersion: 124.0.6367.92, chrome: {chromedriverVersion: 124.0.6367.91 (51df0e5e17a8..., userDataDir: C:\Users\CBPC-09\AppData\Lo...}, fedcm:accounts: true, goog:chromeOptions: {debuggerAddress: localhost:49594}, networkConnectionEnabled: false, pageLoadStrategy: normal, platformName: windows, proxy: Proxy(), se:cdp: ws://localhost:49594/devtoo..., se:cdpVersion: 124.0.6367.92, setWindowRect: true, strictFileInteractability: false, timeouts: {implicit: 0, pageLoad: 300000, script: 30000}, unhandledPromptBehavior: dismiss and notify, webauthn:extension:credBlob: true, webauthn:extension:largeBlob: true, webauthn:extension:minPinLength: true, webauthn:extension:prf: true, webauthn:virtualAuthenticators: true}
Element: [[ChromeDriver: chrome on windows (83a4c77b2efc7815a494810ce89941bd)] -> xpath: //a[@href='/products']]
Session ID: 83a4c77b2efc7815a494810ce89941bd
at org.openqa.selenium.remote.http.jdk.JdkHttpClient.execute0(JdkHttpClient.java:396)
at org.openqa.selenium.remote.http.AddSeleniumUserAgent.lambda$apply$0(AddSeleniumUserAgent.java:42)
at org.openqa.selenium.remote.http.Filter.lambda$andFinally$1(Filter.java:55)
at org.openqa.selenium.remote.http.jdk.JdkHttpClient.execute(JdkHttpClient.java:352)
at org.openqa.selenium.remote.HttpCommandExecutor.execute(HttpCommandExecutor.java:187)
at org.openqa.selenium.remote.service.DriverCommandExecutor.invokeExecute(DriverCommandExecutor.java:216)
at org.openqa.selenium.remote.service.DriverCommandExecutor.execute(DriverCommandExecutor.java:174)
at org.openqa.selenium.remote.RemoteWebDriver.execute(RemoteWebDriver.java:518)
at org.openqa.selenium.remote.RemoteWebElement.execute(RemoteWebElement.java:223)
at org.openqa.selenium.remote.RemoteWebElement.click(RemoteWebElement.java:76)
at java.base/jdk.internal.reflect.DirectMethodHandleAccessor.invoke(DirectMethodHandleAccessor.java:103)
at java.base/java.lang.reflect.Method.invoke(Method.java:580)
at org.openqa.selenium.support.pagefactory.internal.LocatingElementHandler.invoke(LocatingElementHandler.java:51)
at jdk.proxy2/jdk.proxy2.$Proxy19.click(Unknown Source)
at com.evs.vtiger.utils.KishanWebUtil.myclick(KishanWebUtil.java:171)
at com.evs.vtiger.commonCodes.CommonResuableCode.gotoproductpage(CommonResuableCode.java:40)
at com.eva.AutomationPractice.RemoveProductfromCart.removeProductCart(RemoveProductfromCart.java:18)
at com.eva.AutomationPractice.RemoveProductfromCart.removeProductCart(RemoveProductfromCart.java:24)
at com.eva.AutomationPractice.RemoveProductfromCart.removeProductCart(RemoveProductfromCart.java:24)
at com.eva.AutomationPractice.RemoveProductfromCart.removeProductCart(RemoveProductfromCart.java:24)
at com.eva.AutomationPractice.RemoveProductfromCart.removeProductCart(RemoveProductfromCart.java:24)
at java.base/jdk.internal.reflect.DirectMethodHandleAccessor.invoke(DirectMethodHandleAccessor.java:103)
at java.base/java.lang.reflect.Method.invoke(Method.java:580)
at org.testng.internal.MethodInvocationHelper.invokeMethod(MethodInvocationHelper.java:133)
at org.testng.internal.TestInvoker.invokeMethod(TestInvoker.java:598)
at org.testng.internal.TestInvoker.invokeTestMethod(TestInvoker.java:173)
at org.testng.internal.MethodRunner.runInSequence(MethodRunner.java:46)
at org.testng.internal.TestInvoker$MethodInvocationAgent.invoke(TestInvoker.java:824)
at org.testng.internal.TestInvoker.invokeTestMethods(TestInvoker.java:146)
at org.testng.internal.TestMethodWorker.invokeTestMethods(TestMethodWorker.java:146)
at org.testng.internal.TestMethodWorker.run(TestMethodWorker.java:128)
at java.base/java.util.ArrayList.forEach(ArrayList.java:1596)
at org.testng.TestRunner.privateRun(TestRunner.java:794)
at org.testng.TestRunner.run(TestRunner.java:596)
at org.testng.SuiteRunner.runTest(SuiteRunner.java:377)
at org.testng.SuiteRunner.runSequentially(SuiteRunner.java:371)
at org.testng.SuiteRunner.privateRun(SuiteRunner.java:332)
at org.testng.SuiteRunner.run(SuiteRunner.java:276)
at org.testng.SuiteRunnerWorker.runSuite(SuiteRunnerWorker.java:53)
at org.testng.SuiteRunnerWorker.run(SuiteRunnerWorker.java:96)
at org.testng.TestNG.runSuitesSequentially(TestNG.java:1212)
at org.testng.TestNG.runSuitesLocally(TestNG.java:1134)
at org.testng.TestNG.runSuites(TestNG.java:1063)
at org.testng.TestNG.run(TestNG.java:1031)
at org.testng.remote.AbstractRemoteTestNG.run(AbstractRemoteTestNG.java:115)
at org.testng.remote.RemoteTestNG.initAndRun(RemoteTestNG.java:251)
at org.testng.remote.RemoteTestNG.main(RemoteTestNG.java:77)
Caused by: java.util.concurrent.TimeoutException
at java.base/java.util.concurrent.CompletableFuture.timedGet(CompletableFuture.java:1960)
at java.base/java.util.concurrent.CompletableFuture.get(CompletableFuture.java:2095)
at org.openqa.selenium.remote.http.jdk.JdkHttpClient.execute0(JdkHttpClient.java:379)
... 46 more
]]>
            </full-stacktrace>
          </exception> <!-- org.openqa.selenium.TimeoutException -->
          <reporter-output>
          </reporter-output>
        </test-method> <!-- removeProductCart -->
        <test-method is-config="true" signature="aftermethod(org.testng.ITestResult,java.lang.reflect.Method)[pri:0, instance:com.eva.AutomationPractice.RemoveProductfromCart@368247b9]" started-at="2024-05-01T23:14:35 IST" name="aftermethod" finished-at="2024-05-01T23:16:47 IST" duration-ms="131898" status="PASS">
          <params>
            <param index="0">
              <value>
                <![CDATA[[TestResult name=removeProductCart status=FAILURE method=RemoveProductfromCart.removeProductCart()[pri:0, instance:com.eva.AutomationPractice.RemoveProductfromCart@368247b9] output={null}]]]>
              </value>
            </param>
            <param index="1">
              <value>
                <![CDATA[public void com.eva.AutomationPractice.RemoveProductfromCart.removeProductCart() throws java.lang.InterruptedException]]>
              </value>
            </param>
          </params>
          <reporter-output>
          </reporter-output>
        </test-method> <!-- aftermethod -->
        <test-method is-config="true" signature="afterclass()[pri:0, instance:com.eva.AutomationPractice.RemoveProductfromCart@368247b9]" started-at="2024-05-01T23:16:47 IST" name="afterclass" finished-at="2024-05-01T23:16:48 IST" duration-ms="712" status="PASS">
          <reporter-output>
          </reporter-output>
        </test-method> <!-- afterclass -->
        <test-method is-config="true" signature="aftersuit()[pri:0, instance:com.eva.AutomationPractice.RemoveProductfromCart@368247b9]" started-at="2024-05-01T23:16:48 IST" name="aftersuit" finished-at="2024-05-01T23:16:48 IST" duration-ms="55" status="PASS">
          <reporter-output>
          </reporter-output>
        </test-method> <!-- aftersuit -->
      </class> <!-- com.eva.AutomationPractice.RemoveProductfromCart -->
    </test> <!-- Test1 -->
  </suite> <!-- Suite -->
</testng-results>
